0 info it worked if it ends with ok
1 verbose cli [ '/usr/bin/node', '/usr/bin/npm', 'run', 'compile' ]
2 info using npm@3.10.10
3 info using node@v6.16.0
4 verbose run-script [ 'precompile', 'compile', 'postcompile' ]
5 info lifecycle nodejs-socketio-tic-tac-toe@1.0.0~precompile: nodejs-socketio-tic-tac-toe@1.0.0
6 silly lifecycle nodejs-socketio-tic-tac-toe@1.0.0~precompile: no script for precompile, continuing
7 info lifecycle nodejs-socketio-tic-tac-toe@1.0.0~compile: nodejs-socketio-tic-tac-toe@1.0.0
8 verbose lifecycle nodejs-socketio-tic-tac-toe@1.0.0~compile: unsafe-perm in lifecycle true
9 verbose lifecycle nodejs-socketio-tic-tac-toe@1.0.0~compile: PATH: /usr/lib/node_modules/npm/bin/node-gyp-bin:/home/k1764064/Downloads/tictactoe/node_modules/.bin:/opt/rh/rh-git29/root/usr/bin:/usr/lib64/qt-3.3/bin:/opt/rh/devtoolset-7/root/usr/bin:/usr/local/bin:/usr/local/sbin:/usr/bin:/usr/sbin:/bin:/sbin:/usr/lib64/openmpi/bin:/home/k1764064/bin:/opt/gradle-3.2/bin
10 verbose lifecycle nodejs-socketio-tic-tac-toe@1.0.0~compile: CWD: /home/k1764064/Downloads/tictactoe
11 silly lifecycle nodejs-socketio-tic-tac-toe@1.0.0~compile: Args: [ '-c', 'truffle compile' ]
12 silly lifecycle nodejs-socketio-tic-tac-toe@1.0.0~compile: Returned: code: 1  signal: null
13 info lifecycle nodejs-socketio-tic-tac-toe@1.0.0~compile: Failed to exec compile script
14 verbose stack Error: nodejs-socketio-tic-tac-toe@1.0.0 compile: `truffle compile`
14 verbose stack Exit status 1
14 verbose stack     at EventEmitter.<anonymous> (/usr/lib/node_modules/npm/lib/utils/lifecycle.js:255:16)
14 verbose stack     at emitTwo (events.js:106:13)
14 verbose stack     at EventEmitter.emit (events.js:191:7)
14 verbose stack     at ChildProcess.<anonymous> (/usr/lib/node_modules/npm/lib/utils/spawn.js:40:14)
14 verbose stack     at emitTwo (events.js:106:13)
14 verbose stack     at ChildProcess.emit (events.js:191:7)
14 verbose stack     at maybeClose (internal/child_process.js:920:16)
14 verbose stack     at Process.ChildProcess._handle.onexit (internal/child_process.js:230:5)
15 verbose pkgid nodejs-socketio-tic-tac-toe@1.0.0
16 verbose cwd /home/k1764064/Downloads/tictactoe
17 error Linux 3.10.0-957.10.1.el7.x86_64
18 error argv "/usr/bin/node" "/usr/bin/npm" "run" "compile"
19 error node v6.16.0
20 error npm  v3.10.10
21 error code ELIFECYCLE
22 error nodejs-socketio-tic-tac-toe@1.0.0 compile: `truffle compile`
22 error Exit status 1
23 error Failed at the nodejs-socketio-tic-tac-toe@1.0.0 compile script 'truffle compile'.
23 error Make sure you have the latest version of node.js and npm installed.
23 error If you do, this is most likely a problem with the nodejs-socketio-tic-tac-toe package,
23 error not with npm itself.
23 error Tell the author that this fails on your system:
23 error     truffle compile
23 error You can get information on how to open an issue for this project with:
23 error     npm bugs nodejs-socketio-tic-tac-toe
23 error Or if that isn't available, you can get their info via:
23 error     npm owner ls nodejs-socketio-tic-tac-toe
23 error There is likely additional logging output above.
24 verbose exit [ 1, true ]
